<?xml version="1.0" encoding="UTF-8"?>
<testsuite name="search.Search" tests="2" skipped="0" failures="0" errors="0" timestamp="2018-03-02T04:40:52" hostname="LGDN13411-W7" time="0.534">
  <properties/>
  <testcase name="TC_001" classname="search.Search" time="0.383"/>
  <testcase name="TC_002" classname="search.Search" time="0.149"/>
  <system-out><![CDATA[]]></system-out>
  <system-err><![CDATA[]]></system-err>
</testsuite>
