<?xml version="1.0" encoding="UTF-8"?>
<!-- Generated by org.testng.reporters.JUnitReportReporter -->
<testsuite hostname="LGDN13411-W7" name="search.Search" tests="2" failures="0" timestamp="2 Mar 2018 04:32:34 GMT" time="0.685" errors="0">
  <testcase name="TC_002" time="0.144" classname="search.Search"/>
  <testcase name="TC_001" time="0.541" classname="search.Search"/>
</testsuite> <!-- search.Search -->
